<?xml version="1.0" encoding="UTF-8"?>
<coverage generated="1742898101764" clover="3.2.0">
  <project timestamp="1742898101764" name="All files">
    <metrics statements="64" coveredstatements="55" conditionals="8" coveredconditionals="7" methods="7" coveredmethods="6" elements="79" coveredelements="68" complexity="0" loc="64" ncloc="64" packages="1" files="4" classes="4"/>
    <file name="App.tsx" path="C:\Users\j_n_8\Desktop\opiskelu_HH\gitHH\todolist\vitetodotest\src\App.tsx">
      <metrics statements="39" coveredstatements="39" conditionals="4" coveredconditionals="4" methods="4" coveredmethods="4"/>
      <line num="1" count="1" type="stmt"/>
      <line num="2" count="1" type="stmt"/>
      <line num="3" count="1" type="stmt"/>
      <line num="7" count="15" type="cond" truecount="1" falsecount="0"/>
      <line num="8" count="15" type="stmt"/>
      <line num="9" count="15" type="stmt"/>
      <line num="11" count="15" type="cond" truecount="1" falsecount="0"/>
      <line num="12" count="3" type="stmt"/>
      <line num="13" count="3" type="stmt"/>
      <line num="14" count="3" type="stmt"/>
      <line num="16" count="15" type="cond" truecount="1" falsecount="0"/>
      <line num="17" count="2" type="stmt"/>
      <line num="18" count="2" type="stmt"/>
      <line num="20" count="15" type="cond" truecount="1" falsecount="0"/>
      <line num="21" count="6" type="stmt"/>
      <line num="22" count="6" type="stmt"/>
      <line num="24" count="15" type="stmt"/>
      <line num="25" count="15" type="stmt"/>
      <line num="26" count="15" type="stmt"/>
      <line num="27" count="15" type="stmt"/>
      <line num="28" count="15" type="stmt"/>
      <line num="29" count="15" type="stmt"/>
      <line num="30" count="15" type="stmt"/>
      <line num="31" count="15" type="stmt"/>
      <line num="32" count="15" type="stmt"/>
      <line num="33" count="15" type="stmt"/>
      <line num="34" count="15" type="stmt"/>
      <line num="35" count="15" type="stmt"/>
      <line num="36" count="15" type="stmt"/>
      <line num="37" count="15" type="stmt"/>
      <line num="38" count="15" type="stmt"/>
      <line num="39" count="15" type="stmt"/>
      <line num="40" count="15" type="stmt"/>
      <line num="41" count="15" type="stmt"/>
      <line num="42" count="15" type="stmt"/>
      <line num="43" count="15" type="stmt"/>
      <line num="44" count="15" type="stmt"/>
      <line num="46" count="15" type="stmt"/>
      <line num="48" count="1" type="stmt"/>
    </file>
    <file name="TodoTable.tsx" path="C:\Users\j_n_8\Desktop\opiskelu_HH\gitHH\todolist\vitetodotest\src\TodoTable.tsx">
      <metrics statements="16" coveredstatements="16" conditionals="2" coveredconditionals="2" methods="1" coveredmethods="1"/>
      <line num="1" count="1" type="stmt"/>
      <line num="4" count="16" type="cond" truecount="1" falsecount="0"/>
      <line num="5" count="16" type="stmt"/>
      <line num="6" count="16" type="stmt"/>
      <line num="7" count="16" type="stmt"/>
      <line num="8" count="16" type="stmt"/>
      <line num="9" count="16" type="cond" truecount="1" falsecount="0"/>
      <line num="10" count="4" type="stmt"/>
      <line num="11" count="4" type="stmt"/>
      <line num="12" count="4" type="stmt"/>
      <line num="13" count="4" type="stmt"/>
      <line num="14" count="16" type="stmt"/>
      <line num="15" count="16" type="stmt"/>
      <line num="16" count="16" type="stmt"/>
      <line num="17" count="16" type="stmt"/>
      <line num="19" count="16" type="stmt"/>
    </file>
    <file name="Types.ts" path="C:\Users\j_n_8\Desktop\opiskelu_HH\gitHH\todolist\vitetodotest\src\Types.ts">
      <metrics statements="0" coveredstatements="0" conditionals="1" coveredconditionals="1" methods="1" coveredmethods="1"/>
    </file>
    <file name="main.jsx" path="C:\Users\j_n_8\Desktop\opiskelu_HH\gitHH\todolist\vitetodotest\src\main.jsx">
      <metrics statements="9" coveredstatements="0" conditionals="1" coveredconditionals="0" methods="1" coveredmethods="0"/>
      <line num="1" count="0" type="cond" truecount="0" falsecount="1"/>
      <line num="2" count="0" type="stmt"/>
      <line num="3" count="0" type="stmt"/>
      <line num="4" count="0" type="stmt"/>
      <line num="6" count="0" type="stmt"/>
      <line num="7" count="0" type="stmt"/>
      <line num="8" count="0" type="stmt"/>
      <line num="9" count="0" type="stmt"/>
      <line num="10" count="0" type="stmt"/>
    </file>
  </project>
</coverage>
